<?xml version="1.0" encoding="UTF-8"?>
<!-- Generated by org.testng.reporters.JUnitXMLReporter -->
<testsuite hostname="PORT-10040" ignored="0" name="Default test" tests="3" failures="0" timestamp="21 sept. 2018 16:32:39 GMT" time="47.55" errors="0">
  <testcase name="ScriptCreateCarte" time="20.659" classname="com.one2team.scripts.SuiteUseCase"/>
  <testcase name="ScriptDragANDDropCard" time="9.645" classname="com.one2team.scripts.SuiteUseCase"/>
  <testcase name="ScriptUploadFileInCard" time="9.501" classname="com.one2team.scripts.SuiteUseCase"/>
</testsuite> <!-- Default test -->
